# JRE version: Java(TM) SE Runtime Environment (23.0.1+11) (build 23.0.1+11-39)
# Java VM: Java HotSpot(TM) 64-Bit Server VM (23.0.1+11-39, mixed mode, sharing, tiered, compressed oops, compressed class ptrs, g1 gc, windows-amd64)
GC Precious Log:
 CardTable entry size: 512
 Card Set container configuration: InlinePtr #cards 5 size 8 Array Of Cards #cards 10 size 36 Howl #buckets 4 coarsen threshold 1843 Howl Bitmap #cards 512 size 80 coarsen threshold 460 Card regions per heap region 1 cards per card region 2048
 CPUs: 8 total, 8 available
 Memory: 7926M
 Large Page Support: Disabled
 NUMA Support: Disabled
 Compressed Oops: Enabled (32-bit)
 Heap Region Size: 1M
 Heap Min Capacity: 8M
 Heap Initial Capacity: 124M
 Heap Max Capacity: 1982M
 Pre-touch: Disabled
 Parallel Workers: 8
 Concurrent Workers: 2
 Concurrent Refinement Workers: 8
 Periodic GC: Disabled
Heap:
 garbage-first heap   total reserved 2029568K, committed 91136K, used 64607K [0x0000000084200000, 0x0000000100000000)
  region size 1024K, 42 young (43008K), 3 survivors (3072K)
 Metaspace       used 33851K, committed 34176K, reserved 1114112K
  class space    used 4034K, committed 4160K, reserved 1048576K
GC Heap History (16 events):
Event: 2.256 GC heap before
{Heap before GC invocations=0 (full 0):
 garbage-first heap   total reserved 2029568K, committed 126976K, used 23552K [0x0000000084200000, 0x0000000100000000)
  region size 1024K, 24 young (24576K), 0 survivors (0K)
 Metaspace       used 5833K, committed 5952K, reserved 1114112K
  class space    used 709K, committed 768K, reserved 1048576K
}
Event: 2.277 GC heap after
{Heap after GC invocations=1 (full 0):
 garbage-first heap   total reserved 2029568K, committed 126976K, used 3840K [0x0000000084200000, 0x0000000100000000)
  region size 1024K, 3 young (3072K), 3 survivors (3072K)
 Metaspace       used 5833K, committed 5952K, reserved 1114112K
  class space    used 709K, committed 768K, reserved 1048576K
}
Event: 3.189 GC heap before
{Heap before GC invocations=1 (full 0):
 garbage-first heap   total reserved 2029568K, committed 126976K, used 25344K [0x0000000084200000, 0x0000000100000000)
  region size 1024K, 24 young (24576K), 3 survivors (3072K)
 Metaspace       used 7655K, committed 7872K, reserved 1114112K
  class space    used 927K, committed 1024K, reserved 1048576K
}
Event: 3.200 GC heap after
{Heap after GC invocations=2 (full 0):
 garbage-first heap   total reserved 2029568K, committed 126976K, used 4768K [0x0000000084200000, 0x0000000100000000)
  region size 1024K, 1 young (1024K), 1 survivors (1024K)
 Metaspace       used 7655K, committed 7872K, reserved 1114112K
  class space    used 927K, committed 1024K, reserved 1048576K
}
Event: 7.120 GC heap before
{Heap before GC invocations=2 (full 0):
 garbage-first heap   total reserved 2029568K, committed 126976K, used 58016K [0x0000000084200000, 0x0000000100000000)
  region size 1024K, 53 young (54272K), 1 survivors (1024K)
 Metaspace       used 15152K, committed 15424K, reserved 1114112K
  class space    used 1861K, committed 1984K, reserved 1048576K
}
Event: 7.145 GC heap after
{Heap after GC invocations=3 (full 0):
 garbage-first heap   total reserved 2029568K, committed 126976K, used 11070K [0x0000000084200000, 0x0000000100000000)
  region size 1024K, 7 young (7168K), 7 survivors (7168K)
 Metaspace       used 15152K, committed 15424K, reserved 1114112K
  class space    used 1861K, committed 1984K, reserved 1048576K
}
Event: 9.428 GC heap before
{Heap before GC invocations=3 (full 0):
 garbage-first heap   total reserved 2029568K, committed 126976K, used 27454K [0x0000000084200000, 0x0000000100000000)
  region size 1024K, 25 young (25600K), 7 survivors (7168K)
 Metaspace       used 21303K, committed 21504K, reserved 1114112K
  class space    used 2635K, committed 2752K, reserved 1048576K
}
Event: 9.453 GC heap after
{Heap after GC invocations=4 (full 0):
 garbage-first heap   total reserved 2029568K, committed 126976K, used 14224K [0x0000000084200000, 0x0000000100000000)
  region size 1024K, 4 young (4096K), 4 survivors (4096K)
 Metaspace       used 21303K, committed 21504K, reserved 1114112K
  class space    used 2635K, committed 2752K, reserved 1048576K
}
Event: 12.287 GC heap before
{Heap before GC invocations=5 (full 0):
 garbage-first heap   total reserved 2029568K, committed 51200K, used 50064K [0x0000000084200000, 0x0000000100000000)
  region size 1024K, 39 young (39936K), 4 survivors (4096K)
 Metaspace       used 24037K, committed 24320K, reserved 1114112K
  class space    used 2934K, committed 3072K, reserved 1048576K
}
Event: 12.306 GC heap after
{Heap after GC invocations=6 (full 0):
 garbage-first heap   total reserved 2029568K, committed 58368K, used 17153K [0x0000000084200000, 0x0000000100000000)
  region size 1024K, 7 young (7168K), 7 survivors (7168K)
 Metaspace       used 24037K, committed 24320K, reserved 1114112K
  class space    used 2934K, committed 3072K, reserved 1048576K
}
Event: 13.634 GC heap before
{Heap before GC invocations=6 (full 0):
 garbage-first heap   total reserved 2029568K, committed 58368K, used 42753K [0x0000000084200000, 0x0000000100000000)
  region size 1024K, 32 young (32768K), 7 survivors (7168K)
 Metaspace       used 24322K, committed 24576K, reserved 1114112K
  class space    used 2938K, committed 3072K, reserved 1048576K
}
Event: 13.649 GC heap after
{Heap after GC invocations=7 (full 0):
 garbage-first heap   total reserved 2029568K, committed 58368K, used 19087K [0x0000000084200000, 0x0000000100000000)
  region size 1024K, 2 young (2048K), 2 survivors (2048K)
 Metaspace       used 24322K, committed 24576K, reserved 1114112K
  class space    used 2938K, committed 3072K, reserved 1048576K
}
Event: 14.682 GC heap before
{Heap before GC invocations=7 (full 0):
 garbage-first heap   total reserved 2029568K, committed 58368K, used 43663K [0x0000000084200000, 0x0000000100000000)
  region size 1024K, 19 young (19456K), 2 survivors (2048K)
 Metaspace       used 25396K, committed 25728K, reserved 1114112K
  class space    used 3058K, committed 3200K, reserved 1048576K
}
Event: 14.690 GC heap after
{Heap after GC invocations=8 (full 0):
 garbage-first heap   total reserved 2029568K, committed 58368K, used 27743K [0x0000000084200000, 0x0000000100000000)
  region size 1024K, 3 young (3072K), 3 survivors (3072K)
 Metaspace       used 25396K, committed 25728K, reserved 1114112K
  class space    used 3058K, committed 3200K, reserved 1048576K
}
Event: 16.147 GC heap before
{Heap before GC invocations=9 (full 0):
 garbage-first heap   total reserved 2029568K, committed 91136K, used 72799K [0x0000000084200000, 0x0000000100000000)
  region size 1024K, 23 young (23552K), 3 survivors (3072K)
 Metaspace       used 27706K, committed 28032K, reserved 1114112K
  class space    used 3309K, committed 3456K, reserved 1048576K
}
Event: 16.158 GC heap after
{Heap after GC invocations=10 (full 0):
 garbage-first heap   total reserved 2029568K, committed 91136K, used 20575K [0x0000000084200000, 0x0000000100000000)
  region size 1024K, 3 young (3072K), 3 survivors (3072K)
 Metaspace       used 27706K, committed 28032K, reserved 1114112K
  class space    used 3309K, committed 3456K, reserved 1048576K
}

